<?xml version="1.0" encoding="UTF-8"?>
<testng-results ignored="0" total="1" passed="1" failed="0" skipped="0">
  <reporter-output>
  </reporter-output>
  <suite started-at="2023-09-20T17:20:32 CDT" name="Surefire suite" finished-at="2023-09-20T17:20:49 CDT" duration-ms="16826">
    <groups>
      <group name="cucumber">
        <method signature="AbstractTestNGCucumberTests.feature(cucumber.api.testng.CucumberFeatureWrapper)[pri:0, instance:TestRunner.TestRunner@26e356f0]" name="feature" class="cucumber.api.testng.AbstractTestNGCucumberTests"/>
      </group> <!-- cucumber -->
    </groups>
    <test started-at="2023-09-20T17:20:32 CDT" name="Surefire test" finished-at="2023-09-20T17:20:49 CDT" duration-ms="16826">
      <class name="TestRunner.TestRunner">
        <test-method is-config="true" signature="StartURL()[pri:0, instance:TestRunner.TestRunner@26e356f0]" started-at="2023-09-20T17:20:32 CDT" name="StartURL" finished-at="2023-09-20T17:20:37 CDT" duration-ms="5237" status="PASS">
          <reporter-output>
          </reporter-output>
        </test-method> <!-- StartURL -->
        <test-method is-config="true" signature="setUpClass()[pri:0, instance:TestRunner.TestRunner@26e356f0]" started-at="2023-09-20T17:20:37 CDT" name="setUpClass" finished-at="2023-09-20T17:20:38 CDT" duration-ms="415" status="PASS">
          <reporter-output>
          </reporter-output>
        </test-method> <!-- setUpClass -->
        <test-method signature="feature(cucumber.api.testng.CucumberFeatureWrapper)[pri:0, instance:TestRunner.TestRunner@26e356f0]" started-at="2023-09-20T17:20:38 CDT" name="feature" description="Runs Cucumber Feature" data-provider="features" finished-at="2023-09-20T17:20:45 CDT" duration-ms="7501" status="PASS">
          <params>
            <param index="0">
              <value>
                <![CDATA[Login feature]]>
              </value>
            </param>
          </params>
          <reporter-output>
          </reporter-output>
        </test-method> <!-- feature -->
        <test-method is-config="true" signature="tearDownClass()[pri:0, instance:TestRunner.TestRunner@26e356f0]" started-at="2023-09-20T17:20:45 CDT" name="tearDownClass" finished-at="2023-09-20T17:20:45 CDT" duration-ms="22" status="PASS">
          <reporter-output>
          </reporter-output>
        </test-method> <!-- tearDownClass -->
        <test-method is-config="true" signature="CloseURL()[pri:0, instance:TestRunner.TestRunner@26e356f0]" started-at="2023-09-20T17:20:45 CDT" name="CloseURL" finished-at="2023-09-20T17:20:49 CDT" duration-ms="3373" status="PASS">
          <reporter-output>
          </reporter-output>
        </test-method> <!-- CloseURL -->
      </class> <!-- TestRunner.TestRunner -->
    </test> <!-- Surefire test -->
  </suite> <!-- Surefire suite -->
</testng-results>
